2023-07-24 20:07:211 INFO  StartPage :27 - Clicking on Element : [[ChromeDriver: chrome on windows (06c9acee0bcc725c2ccf8825ab56f9f1)] -> xpath: //body/div[@id='wrapper']/div[1]/main[1]/div[2]/div[1]/article[1]/section[1]/a[1]]
2023-07-24 20:07:261 INFO  WorkTypePage :39 - Send Text : [[ChromeDriver: chrome on windows (06c9acee0bcc725c2ccf8825ab56f9f1)] -> xpath: /html[1]/body[1]/div[3]/div[1]/main[1]/div[1]/div[1]/form[1]/div[1]/div[1]/select[1]]
2023-07-24 20:07:414 INFO  WorkTypePage :45 - Clicking on Element : [[ChromeDriver: chrome on windows (06c9acee0bcc725c2ccf8825ab56f9f1)] -> xpath: /html[1]/body[1]/div[3]/div[1]/main[1]/div[1]/div[1]/form[1]/div[1]/button[1]]
2023-07-24 20:07:388 INFO  StartPage :27 - Clicking on Element : [[ChromeDriver: chrome on windows (5917d0093af6a0215b5fe04e049ded30)] -> xpath: //body/div[@id='wrapper']/div[1]/main[1]/div[2]/div[1]/article[1]/section[1]/a[1]]
2023-07-24 20:07:440 INFO  WorkTypePage :39 - Send Text : [[ChromeDriver: chrome on windows (5917d0093af6a0215b5fe04e049ded30)] -> xpath: /html[1]/body[1]/div[3]/div[1]/main[1]/div[1]/div[1]/form[1]/div[1]/div[1]/select[1]]
2023-07-24 20:07:534 INFO  WorkTypePage :45 - Clicking on Element : [[ChromeDriver: chrome on windows (5917d0093af6a0215b5fe04e049ded30)] -> xpath: /html[1]/body[1]/div[3]/div[1]/main[1]/div[1]/div[1]/form[1]/div[1]/button[1]]
2023-07-24 20:07:105 INFO  StartPage :27 - Clicking on Element : [[ChromeDriver: chrome on windows (6257c1fa5b140b119e2d3326fda49ad3)] -> xpath: //body/div[@id='wrapper']/div[1]/main[1]/div[2]/div[1]/article[1]/section[1]/a[1]]
2023-07-24 20:07:154 INFO  WorkTypePage :39 - Send Text : [[ChromeDriver: chrome on windows (6257c1fa5b140b119e2d3326fda49ad3)] -> xpath: /html[1]/body[1]/div[3]/div[1]/main[1]/div[1]/div[1]/form[1]/div[1]/div[1]/select[1]]
2023-07-24 20:07:353 INFO  WorkTypePage :45 - Clicking on Element : [[ChromeDriver: chrome on windows (6257c1fa5b140b119e2d3326fda49ad3)] -> xpath: /html[1]/body[1]/div[3]/div[1]/main[1]/div[1]/div[1]/form[1]/div[1]/button[1]]
2023-07-24 20:07:392 INFO  SelectNationalityPage :34 - Clicking on Element : [[ChromeDriver: chrome on windows (6257c1fa5b140b119e2d3326fda49ad3)] -> xpath: //input[@id='response-0']]
2023-07-24 20:07:646 INFO  SelectNationalityPage :40 - Clicking on Element : [[ChromeDriver: chrome on windows (6257c1fa5b140b119e2d3326fda49ad3)] -> xpath: //button[contains(text(),'Continue')]]
2023-07-24 20:07:925 INFO  StartPage :27 - Clicking on Element : [[ChromeDriver: chrome on windows (6650b37665a13f46e8dc7ff7569f6edc)] -> xpath: //body/div[@id='wrapper']/div[1]/main[1]/div[2]/div[1]/article[1]/section[1]/a[1]]
2023-07-24 20:07:976 INFO  WorkTypePage :39 - Send Text : [[ChromeDriver: chrome on windows (6650b37665a13f46e8dc7ff7569f6edc)] -> xpath: /html[1]/body[1]/div[3]/div[1]/main[1]/div[1]/div[1]/form[1]/div[1]/div[1]/select[1]]
2023-07-24 20:07:62 INFO  WorkTypePage :45 - Clicking on Element : [[ChromeDriver: chrome on windows (6650b37665a13f46e8dc7ff7569f6edc)] -> xpath: /html[1]/body[1]/div[3]/div[1]/main[1]/div[1]/div[1]/form[1]/div[1]/button[1]]
2023-07-24 20:07:136 INFO  SelectNationalityPage :34 - Clicking on Element : [[ChromeDriver: chrome on windows (6650b37665a13f46e8dc7ff7569f6edc)] -> xpath: //input[@id='response-0']]
2023-07-24 20:07:206 INFO  SelectNationalityPage :40 - Clicking on Element : [[ChromeDriver: chrome on windows (6650b37665a13f46e8dc7ff7569f6edc)] -> xpath: //button[contains(text(),'Continue')]]
2023-07-24 20:07:249 INFO  WorkTypePage :50 - Get Text : [[ChromeDriver: chrome on windows (6650b37665a13f46e8dc7ff7569f6edc)] -> xpath: /html[1]/body[1]/div[3]/div[1]/main[1]/div[1]/div[1]/div[2]/div[1]/h2[1]]
2023-07-24 20:07:675 INFO  StartPage :27 - Clicking on Element : [[ChromeDriver: chrome on windows (8bf3eeb49e28349df46fb5cdf861a4fa)] -> xpath: //body/div[@id='wrapper']/div[1]/main[1]/div[2]/div[1]/article[1]/section[1]/a[1]]
2023-07-24 20:07:979 INFO  StartPage :27 - Clicking on Element : [[ChromeDriver: chrome on windows (7d99b287ac739d9fa91574c0230ecfc0)] -> xpath: //body/div[@id='wrapper']/div[1]/main[1]/div[2]/div[1]/article[1]/section[1]/a[1]]
2023-07-24 20:07:65 INFO  ResultPage :71 - select value : [[ChromeDriver: chrome on windows (7d99b287ac739d9fa91574c0230ecfc0)] -> xpath: //select[@id='response']]
2023-07-24 20:07:190 INFO  ResultPage :77 - Clicking on Element : [[ChromeDriver: chrome on windows (7d99b287ac739d9fa91574c0230ecfc0)] -> xpath: //button[contains(text(),'Continue')]]
2023-07-24 20:07:527 INFO  StartPage :27 - Clicking on Element : [[ChromeDriver: chrome on windows (990534df55ab3ad69b229c6dacda8282)] -> xpath: //body/div[@id='wrapper']/div[1]/main[1]/div[2]/div[1]/article[1]/section[1]/a[1]]
2023-07-24 20:07:608 INFO  ResultPage :71 - select value : [[ChromeDriver: chrome on windows (990534df55ab3ad69b229c6dacda8282)] -> xpath: //select[@id='response']]
2023-07-24 20:07:742 INFO  ResultPage :77 - Clicking on Element : [[ChromeDriver: chrome on windows (990534df55ab3ad69b229c6dacda8282)] -> xpath: //button[contains(text(),'Continue')]]
2023-07-24 20:07:850 INFO  ResultPage :83 - Clicking on Element : [[ChromeDriver: chrome on windows (990534df55ab3ad69b229c6dacda8282)] -> xpath: //input[@id='response-1']]
2023-07-24 20:07:980 INFO  ResultPage :90 - Clicking on Element : [[ChromeDriver: chrome on windows (990534df55ab3ad69b229c6dacda8282)] -> xpath: //button[contains(text(),'Continue')]]
2023-07-24 20:07:442 INFO  StartPage :27 - Clicking on Element : [[ChromeDriver: chrome on windows (fd1c2ff8b92155fbca561099c672ea7d)] -> xpath: //body/div[@id='wrapper']/div[1]/main[1]/div[2]/div[1]/article[1]/section[1]/a[1]]
2023-07-24 20:07:525 INFO  ResultPage :71 - select value : [[ChromeDriver: chrome on windows (fd1c2ff8b92155fbca561099c672ea7d)] -> xpath: //select[@id='response']]
2023-07-24 20:07:633 INFO  ResultPage :77 - Clicking on Element : [[ChromeDriver: chrome on windows (fd1c2ff8b92155fbca561099c672ea7d)] -> xpath: //button[contains(text(),'Continue')]]
2023-07-24 20:07:672 INFO  ResultPage :83 - Clicking on Element : [[ChromeDriver: chrome on windows (fd1c2ff8b92155fbca561099c672ea7d)] -> xpath: //input[@id='response-1']]
2023-07-24 20:07:804 INFO  ResultPage :90 - Clicking on Element : [[ChromeDriver: chrome on windows (fd1c2ff8b92155fbca561099c672ea7d)] -> xpath: //button[contains(text(),'Continue')]]
2023-07-24 20:07:858 INFO  ResultPage :95 - Clicking on Element : [[ChromeDriver: chrome on windows (fd1c2ff8b92155fbca561099c672ea7d)] -> xpath: //input[@id='response-1']]
2023-07-24 20:07:985 INFO  ResultPage :100 - Clicking on Element : [[ChromeDriver: chrome on windows (fd1c2ff8b92155fbca561099c672ea7d)] -> xpath: //button[contains(text(),'Continue')]]
2023-07-24 20:07:55 INFO  ResultPage :105 - Clicking on Element : [[ChromeDriver: chrome on windows (fd1c2ff8b92155fbca561099c672ea7d)] -> xpath: //input[@id='response-0']]
2023-07-24 20:07:256 INFO  ResultPage :110 - Clicking on Element : [[ChromeDriver: chrome on windows (fd1c2ff8b92155fbca561099c672ea7d)] -> xpath: //button[contains(text(),'Continue')]]
2023-07-24 20:07:331 INFO  ResultPage :114 - Get Text : [[ChromeDriver: chrome on windows (fd1c2ff8b92155fbca561099c672ea7d)] -> xpath: //h2[contains(text(),'You need a visa to work in health and care')]]
2023-07-24 20:07:787 INFO  StartPage :27 - Clicking on Element : [[ChromeDriver: chrome on windows (feaf9c08b422d3febac55ff64ea37355)] -> xpath: //body/div[@id='wrapper']/div[1]/main[1]/div[2]/div[1]/article[1]/section[1]/a[1]]
2023-07-24 20:07:840 INFO  FamilyImmigrationStatusPage :54 - Send text : [[ChromeDriver: chrome on windows (feaf9c08b422d3febac55ff64ea37355)] -> xpath: //select[@id='response']]
2023-07-24 20:07:06 INFO  FamilyImmigrationStatusPage :60 - Clicking on Element : [[ChromeDriver: chrome on windows (feaf9c08b422d3febac55ff64ea37355)] -> xpath: //button[contains(text(),'Continue')]]
2023-07-24 20:07:52 INFO  FamilyImmigrationStatusPage :66 - Clicking on Element : [[ChromeDriver: chrome on windows (feaf9c08b422d3febac55ff64ea37355)] -> xpath: //input[@id='response-4']]
2023-07-24 20:07:236 INFO  FamilyImmigrationStatusPage :72 - Clicking on Element : Proxy element for: DefaultElementLocator 'By.xpath: //button[contains(text(),'Continue')]'
2023-07-24 20:07:436 INFO  DurationOfStayPage :37 - Clicking on Element : [[ChromeDriver: chrome on windows (feaf9c08b422d3febac55ff64ea37355)] -> xpath: //body/div[@id='wrapper']/div[1]/main[1]/div[1]/div[1]/div[2]/div[1]/div[1]/p[3]/a[1]]
2023-07-24 20:07:709 INFO  StartPage :27 - Clicking on Element : [[ChromeDriver: chrome on windows (f1b24e8f8d6fbe904aa0be2b16d8a1bf)] -> xpath: //body/div[@id='wrapper']/div[1]/main[1]/div[2]/div[1]/article[1]/section[1]/a[1]]
2023-07-24 20:07:763 INFO  FamilyImmigrationStatusPage :54 - Send text : [[ChromeDriver: chrome on windows (f1b24e8f8d6fbe904aa0be2b16d8a1bf)] -> xpath: //select[@id='response']]
2023-07-24 20:07:915 INFO  FamilyImmigrationStatusPage :60 - Clicking on Element : [[ChromeDriver: chrome on windows (f1b24e8f8d6fbe904aa0be2b16d8a1bf)] -> xpath: //button[contains(text(),'Continue')]]
2023-07-24 20:07:997 INFO  FamilyImmigrationStatusPage :66 - Clicking on Element : [[ChromeDriver: chrome on windows (f1b24e8f8d6fbe904aa0be2b16d8a1bf)] -> xpath: //input[@id='response-4']]
2023-07-24 20:07:181 INFO  FamilyImmigrationStatusPage :72 - Clicking on Element : Proxy element for: DefaultElementLocator 'By.xpath: //button[contains(text(),'Continue')]'
2023-07-24 20:07:413 INFO  DurationOfStayPage :37 - Clicking on Element : [[ChromeDriver: chrome on windows (f1b24e8f8d6fbe904aa0be2b16d8a1bf)] -> xpath: //body/div[@id='wrapper']/div[1]/main[1]/div[1]/div[1]/div[2]/div[1]/div[1]/p[3]/a[1]]
2023-07-24 20:07:50 INFO  StartPage :27 - Clicking on Element : [[ChromeDriver: chrome on windows (ad9c156c67e45bcf970a0c6a1e90662b)] -> xpath: //body/div[@id='wrapper']/div[1]/main[1]/div[2]/div[1]/article[1]/section[1]/a[1]]
2023-07-24 20:07:99 INFO  FamilyImmigrationStatusPage :54 - Send text : [[ChromeDriver: chrome on windows (ad9c156c67e45bcf970a0c6a1e90662b)] -> xpath: //select[@id='response']]
2023-07-24 20:07:239 INFO  FamilyImmigrationStatusPage :60 - Clicking on Element : [[ChromeDriver: chrome on windows (ad9c156c67e45bcf970a0c6a1e90662b)] -> xpath: //button[contains(text(),'Continue')]]
2023-07-24 20:07:344 INFO  FamilyImmigrationStatusPage :66 - Clicking on Element : [[ChromeDriver: chrome on windows (ad9c156c67e45bcf970a0c6a1e90662b)] -> xpath: //input[@id='response-4']]
2023-07-24 20:07:504 INFO  FamilyImmigrationStatusPage :72 - Clicking on Element : Proxy element for: DefaultElementLocator 'By.xpath: //button[contains(text(),'Continue')]'
2023-07-24 20:07:481 INFO  DurationOfStayPage :71 - Text : Proxy element for: DefaultElementLocator 'By.xpath: //p[contains(text(),'You need a family visa to live with a family membe')]'
2023-07-24 20:07:221 INFO  StartPage :27 - Clicking on Element : [[ChromeDriver: chrome on windows (8e4521365d015ec809aa10dfed6f8cac)] -> xpath: //body/div[@id='wrapper']/div[1]/main[1]/div[2]/div[1]/article[1]/section[1]/a[1]]
2023-07-24 20:07:277 INFO  FamilyImmigrationStatusPage :54 - Send text : [[ChromeDriver: chrome on windows (8e4521365d015ec809aa10dfed6f8cac)] -> xpath: //select[@id='response']]
2023-07-24 20:07:408 INFO  FamilyImmigrationStatusPage :60 - Clicking on Element : [[ChromeDriver: chrome on windows (8e4521365d015ec809aa10dfed6f8cac)] -> xpath: //button[contains(text(),'Continue')]]
2023-07-24 20:07:473 INFO  FamilyImmigrationStatusPage :66 - Clicking on Element : [[ChromeDriver: chrome on windows (8e4521365d015ec809aa10dfed6f8cac)] -> xpath: //input[@id='response-4']]
2023-07-24 20:07:682 INFO  FamilyImmigrationStatusPage :72 - Clicking on Element : Proxy element for: DefaultElementLocator 'By.xpath: //button[contains(text(),'Continue')]'
2023-07-24 20:07:315 INFO  DurationOfStayPage :71 - Text : Proxy element for: DefaultElementLocator 'By.xpath: //p[contains(text(),'You need a family visa to live with a family membe')]'
2023-07-24 21:07:611 INFO  StartPage :27 - Clicking on Element : [[ChromeDriver: chrome on windows (a500e8958b71a74bd613da200aad377a)] -> xpath: //body/div[@id='wrapper']/div[1]/main[1]/div[2]/div[1]/article[1]/section[1]/a[1]]
2023-07-24 21:07:665 INFO  FamilyImmigrationStatusPage :54 - Send text : [[ChromeDriver: chrome on windows (a500e8958b71a74bd613da200aad377a)] -> xpath: //select[@id='response']]
2023-07-24 21:07:806 INFO  FamilyImmigrationStatusPage :60 - Clicking on Element : [[ChromeDriver: chrome on windows (a500e8958b71a74bd613da200aad377a)] -> xpath: //button[contains(text(),'Continue')]]
2023-07-24 21:07:880 INFO  FamilyImmigrationStatusPage :66 - Clicking on Element : [[ChromeDriver: chrome on windows (a500e8958b71a74bd613da200aad377a)] -> xpath: //input[@id='response-4']]
2023-07-24 21:07:305 INFO  FamilyImmigrationStatusPage :72 - Clicking on Element : Proxy element for: DefaultElementLocator 'By.xpath: //button[contains(text(),'Continue')]'
2023-07-24 21:07:231 INFO  StartPage :27 - Clicking on Element : [[ChromeDriver: chrome on windows (4b475fe60f3efa418c50d70f469c06f9)] -> xpath: //body/div[@id='wrapper']/div[1]/main[1]/div[2]/div[1]/article[1]/section[1]/a[1]]
2023-07-24 21:07:283 INFO  FamilyImmigrationStatusPage :54 - Send text : [[ChromeDriver: chrome on windows (4b475fe60f3efa418c50d70f469c06f9)] -> xpath: //select[@id='response']]
2023-07-24 21:07:453 INFO  FamilyImmigrationStatusPage :60 - Clicking on Element : [[ChromeDriver: chrome on windows (4b475fe60f3efa418c50d70f469c06f9)] -> xpath: //button[contains(text(),'Continue')]]
2023-07-24 21:07:490 INFO  FamilyImmigrationStatusPage :66 - Clicking on Element : [[ChromeDriver: chrome on windows (4b475fe60f3efa418c50d70f469c06f9)] -> xpath: //input[@id='response-4']]
2023-07-24 21:07:839 INFO  FamilyImmigrationStatusPage :72 - Clicking on Element : Proxy element for: DefaultElementLocator 'By.xpath: //button[contains(text(),'Continue')]'
2023-07-24 21:07:857 INFO  StartPage :27 - Clicking on Element : [[ChromeDriver: chrome on windows (0f08631611787272d7f46895095b10ce)] -> xpath: //body/div[@id='wrapper']/div[1]/main[1]/div[2]/div[1]/article[1]/section[1]/a[1]]
2023-07-24 21:07:912 INFO  FamilyImmigrationStatusPage :54 - Send text : [[ChromeDriver: chrome on windows (0f08631611787272d7f46895095b10ce)] -> xpath: //select[@id='response']]
2023-07-24 21:07:995 INFO  FamilyImmigrationStatusPage :60 - Clicking on Element : [[ChromeDriver: chrome on windows (0f08631611787272d7f46895095b10ce)] -> xpath: //button[contains(text(),'Continue')]]
2023-07-24 21:07:60 INFO  FamilyImmigrationStatusPage :66 - Clicking on Element : [[ChromeDriver: chrome on windows (0f08631611787272d7f46895095b10ce)] -> xpath: //input[@id='response-4']]
2023-07-24 21:07:587 INFO  StartPage :27 - Clicking on Element : [[ChromeDriver: chrome on windows (c4b36dc7ea7efc1809d56887c9512356)] -> xpath: //body/div[@id='wrapper']/div[1]/main[1]/div[2]/div[1]/article[1]/section[1]/a[1]]
2023-07-24 21:07:643 INFO  FamilyImmigrationStatusPage :54 - Send text : [[ChromeDriver: chrome on windows (c4b36dc7ea7efc1809d56887c9512356)] -> xpath: //select[@id='response']]
2023-07-24 21:07:710 INFO  FamilyImmigrationStatusPage :60 - Clicking on Element : [[ChromeDriver: chrome on windows (c4b36dc7ea7efc1809d56887c9512356)] -> xpath: //button[contains(text(),'Continue')]]
2023-07-24 21:07:780 INFO  FamilyImmigrationStatusPage :66 - Clicking on Element : [[ChromeDriver: chrome on windows (c4b36dc7ea7efc1809d56887c9512356)] -> xpath: //input[@id='response-4']]
2023-07-24 21:07:197 INFO  StartPage :27 - Clicking on Element : [[ChromeDriver: chrome on windows (c04c131eb9d7ab7b156570d2913f29c1)] -> xpath: //body/div[@id='wrapper']/div[1]/main[1]/div[2]/div[1]/article[1]/section[1]/a[1]]
2023-07-24 21:07:254 INFO  FamilyImmigrationStatusPage :52 - Send text : [[ChromeDriver: chrome on windows (c04c131eb9d7ab7b156570d2913f29c1)] -> xpath: //select[@id='response']]
2023-07-24 21:07:391 INFO  FamilyImmigrationStatusPage :58 - Clicking on Element : [[ChromeDriver: chrome on windows (c04c131eb9d7ab7b156570d2913f29c1)] -> xpath: //button[contains(text(),'Continue')]]
2023-07-24 21:07:491 INFO  FamilyImmigrationStatusPage :64 - Clicking on Element : [[ChromeDriver: chrome on windows (c04c131eb9d7ab7b156570d2913f29c1)] -> xpath: //input[@id='response-4']]
2023-07-24 21:07:891 INFO  FamilyImmigrationStatusPage :70 - Clicking on Element : Proxy element for: DefaultElementLocator 'By.xpath: //button[contains(text(),'Continue')]'
2023-07-24 21:07:393 INFO  StartPage :27 - Clicking on Element : [[ChromeDriver: chrome on windows (faff36e085f85fdc6733cd35cfc49439)] -> xpath: //body/div[@id='wrapper']/div[1]/main[1]/div[2]/div[1]/article[1]/section[1]/a[1]]
2023-07-24 21:07:449 INFO  FamilyImmigrationStatusPage :52 - Send text : [[ChromeDriver: chrome on windows (faff36e085f85fdc6733cd35cfc49439)] -> xpath: //select[@id='response']]
2023-07-24 21:07:530 INFO  FamilyImmigrationStatusPage :58 - Clicking on Element : [[ChromeDriver: chrome on windows (faff36e085f85fdc6733cd35cfc49439)] -> xpath: //button[contains(text(),'Continue')]]
2023-07-24 21:07:662 INFO  FamilyImmigrationStatusPage :64 - Clicking on Element : [[ChromeDriver: chrome on windows (faff36e085f85fdc6733cd35cfc49439)] -> xpath: //input[@id='response-4']]
2023-07-24 21:07:754 INFO  FamilyImmigrationStatusPage :70 - Clicking on Element : Proxy element for: DefaultElementLocator 'By.xpath: //button[contains(text(),'Continue')]'
2023-07-24 21:07:80 INFO  StartPage :27 - Clicking on Element : [[ChromeDriver: chrome on windows (b55d36684dd287836e16297ce3d1c9fd)] -> xpath: //body/div[@id='wrapper']/div[1]/main[1]/div[2]/div[1]/article[1]/section[1]/a[1]]
2023-07-24 21:07:136 INFO  FamilyImmigrationStatusPage :52 - Send text : [[ChromeDriver: chrome on windows (b55d36684dd287836e16297ce3d1c9fd)] -> xpath: //select[@id='response']]
2023-07-24 21:07:223 INFO  FamilyImmigrationStatusPage :58 - Clicking on Element : [[ChromeDriver: chrome on windows (b55d36684dd287836e16297ce3d1c9fd)] -> xpath: //button[contains(text(),'Continue')]]
2023-07-24 21:07:338 INFO  FamilyImmigrationStatusPage :64 - Clicking on Element : [[ChromeDriver: chrome on windows (b55d36684dd287836e16297ce3d1c9fd)] -> xpath: //input[@id='response-4']]
2023-07-24 21:07:443 INFO  FamilyImmigrationStatusPage :70 - Clicking on Element : Proxy element for: DefaultElementLocator 'By.xpath: //button[contains(text(),'Continue')]'
2023-07-24 21:07:75 INFO  DurationOfStayPage :71 - Text : Proxy element for: DefaultElementLocator 'By.xpath: //p[contains(text(),'You need a family visa to live with a family membe')]'
2023-07-24 21:07:462 INFO  StartPage :27 - Clicking on Element : [[ChromeDriver: chrome on windows (e8d7146b421f7d267a4e0288d23d5f4a)] -> xpath: //body/div[@id='wrapper']/div[1]/main[1]/div[2]/div[1]/article[1]/section[1]/a[1]]
2023-07-24 21:07:515 INFO  FamilyImmigrationStatusPage :52 - Send text : [[ChromeDriver: chrome on windows (e8d7146b421f7d267a4e0288d23d5f4a)] -> xpath: //select[@id='response']]
2023-07-24 21:07:654 INFO  FamilyImmigrationStatusPage :58 - Clicking on Element : [[ChromeDriver: chrome on windows (e8d7146b421f7d267a4e0288d23d5f4a)] -> xpath: //button[contains(text(),'Continue')]]
2023-07-24 21:07:777 INFO  FamilyImmigrationStatusPage :64 - Clicking on Element : [[ChromeDriver: chrome on windows (e8d7146b421f7d267a4e0288d23d5f4a)] -> xpath: //input[@id='response-4']]
2023-07-24 21:07:42 INFO  FamilyImmigrationStatusPage :70 - Clicking on Element : Proxy element for: DefaultElementLocator 'By.xpath: //button[contains(text(),'Continue')]'
2023-07-24 21:07:325 INFO  StartPage :27 - Clicking on Element : [[ChromeDriver: chrome on windows (8c60cb22ec458bb343fa10b5ae2ea654)] -> xpath: //body/div[@id='wrapper']/div[1]/main[1]/div[2]/div[1]/article[1]/section[1]/a[1]]
2023-07-24 21:07:379 INFO  FamilyImmigrationStatusPage :52 - Send text : [[ChromeDriver: chrome on windows (8c60cb22ec458bb343fa10b5ae2ea654)] -> xpath: //select[@id='response']]
2023-07-24 21:07:447 INFO  FamilyImmigrationStatusPage :58 - Clicking on Element : [[ChromeDriver: chrome on windows (8c60cb22ec458bb343fa10b5ae2ea654)] -> xpath: //button[contains(text(),'Continue')]]
2023-07-24 21:07:566 INFO  FamilyImmigrationStatusPage :64 - Clicking on Element : [[ChromeDriver: chrome on windows (8c60cb22ec458bb343fa10b5ae2ea654)] -> xpath: //input[@id='response-4']]
2023-07-24 21:07:957 INFO  FamilyImmigrationStatusPage :70 - Clicking on Element : Proxy element for: DefaultElementLocator 'By.xpath: //button[contains(text(),'Continue')]'
2023-07-24 21:07:73 INFO  StartPage :27 - Clicking on Element : [[ChromeDriver: chrome on windows (3554253054ee603ae1799cc7d8c23ebe)] -> xpath: //body/div[@id='wrapper']/div[1]/main[1]/div[2]/div[1]/article[1]/section[1]/a[1]]
2023-07-24 21:07:128 INFO  FamilyImmigrationStatusPage :52 - Send text : [[ChromeDriver: chrome on windows (3554253054ee603ae1799cc7d8c23ebe)] -> xpath: //select[@id='response']]
2023-07-24 21:07:277 INFO  FamilyImmigrationStatusPage :58 - Clicking on Element : [[ChromeDriver: chrome on windows (3554253054ee603ae1799cc7d8c23ebe)] -> xpath: //button[contains(text(),'Continue')]]
2023-07-24 21:07:391 INFO  FamilyImmigrationStatusPage :64 - Clicking on Element : [[ChromeDriver: chrome on windows (3554253054ee603ae1799cc7d8c23ebe)] -> xpath: //input[@id='response-4']]
2023-07-24 21:07:656 INFO  FamilyImmigrationStatusPage :70 - Clicking on Element : Proxy element for: DefaultElementLocator 'By.xpath: //button[contains(text(),'Continue')]'
